mode: atomic
github.com/xcomponent/xc-cli/commands/command.go:16.36,28.39 1 1
github.com/xcomponent/xc-cli/commands/command.go:28.39,33.5 1 0
github.com/xcomponent/xc-cli/commands/command.go:39.39,40.26 1 0
github.com/xcomponent/xc-cli/commands/command.go:45.5,47.27 3 0
github.com/xcomponent/xc-cli/commands/command.go:57.5,58.19 2 0
github.com/xcomponent/xc-cli/commands/command.go:62.5,62.50 1 0
github.com/xcomponent/xc-cli/commands/command.go:40.26,43.6 2 0
github.com/xcomponent/xc-cli/commands/command.go:47.27,50.17 3 0
github.com/xcomponent/xc-cli/commands/command.go:50.17,53.7 2 0
github.com/xcomponent/xc-cli/commands/command.go:53.7,55.7 1 0
github.com/xcomponent/xc-cli/commands/command.go:58.19,60.6 1 0
github.com/xcomponent/xc-cli/commands/init_command.go:14.71,16.16 2 0
github.com/xcomponent/xc-cli/commands/init_command.go:20.2,22.16 3 0
github.com/xcomponent/xc-cli/commands/init_command.go:26.2,26.39 1 0
github.com/xcomponent/xc-cli/commands/init_command.go:16.16,18.3 1 0
github.com/xcomponent/xc-cli/commands/init_command.go:22.16,24.3 1 0
github.com/xcomponent/xc-cli/commands/init_command.go:29.55,31.16 2 0
github.com/xcomponent/xc-cli/commands/init_command.go:50.2,50.12 1 0
github.com/xcomponent/xc-cli/commands/init_command.go:31.16,32.25 1 0
github.com/xcomponent/xc-cli/commands/init_command.go:32.25,34.4 1 0
github.com/xcomponent/xc-cli/commands/init_command.go:34.4,36.4 1 0
github.com/xcomponent/xc-cli/commands/init_command.go:37.3,38.24 1 0
github.com/xcomponent/xc-cli/commands/init_command.go:42.3,43.17 2 0
github.com/xcomponent/xc-cli/commands/init_command.go:38.24,40.4 1 0
github.com/xcomponent/xc-cli/commands/init_command.go:43.17,45.4 1 0
github.com/xcomponent/xc-cli/commands/init_command.go:45.4,45.20 1 0
github.com/xcomponent/xc-cli/commands/init_command.go:45.20,47.4 1 0
github.com/xcomponent/xc-cli/commands/init_command.go:53.41,55.16 2 0
github.com/xcomponent/xc-cli/commands/init_command.go:58.2,61.19 3 0
github.com/xcomponent/xc-cli/commands/init_command.go:64.2,64.19 1 0
github.com/xcomponent/xc-cli/commands/init_command.go:55.16,57.3 1 0
github.com/xcomponent/xc-cli/commands/init_command.go:61.19,63.3 1 0
github.com/xcomponent/xc-cli/commands/init_command.go:67.100,74.16 5 0
github.com/xcomponent/xc-cli/commands/init_command.go:78.2,80.16 3 0
github.com/xcomponent/xc-cli/commands/init_command.go:84.2,84.28 1 0
github.com/xcomponent/xc-cli/commands/init_command.go:88.2,89.16 2 0
github.com/xcomponent/xc-cli/commands/init_command.go:93.2,93.22 1 0
github.com/xcomponent/xc-cli/commands/init_command.go:74.16,76.3 1 0
github.com/xcomponent/xc-cli/commands/init_command.go:80.16,82.3 1 0
github.com/xcomponent/xc-cli/commands/init_command.go:84.28,86.3 1 0
github.com/xcomponent/xc-cli/commands/init_command.go:89.16,91.3 1 0
github.com/xcomponent/xc-cli/commands/init_command.go:96.49,100.16 3 0
github.com/xcomponent/xc-cli/commands/init_command.go:104.2,104.50 1 0
github.com/xcomponent/xc-cli/commands/init_command.go:108.2,108.35 1 0
github.com/xcomponent/xc-cli/commands/init_command.go:115.2,115.12 1 0
github.com/xcomponent/xc-cli/commands/init_command.go:100.16,102.3 1 0
github.com/xcomponent/xc-cli/commands/init_command.go:104.50,106.3 1 0
github.com/xcomponent/xc-cli/commands/init_command.go:108.35,110.17 2 0
github.com/xcomponent/xc-cli/commands/init_command.go:110.17,112.4 1 0
github.com/xcomponent/xc-cli/commands/init_command.go:118.53,122.29 3 0
github.com/xcomponent/xc-cli/commands/init_command.go:127.2,128.16 2 0
github.com/xcomponent/xc-cli/commands/init_command.go:131.2,134.23 3 0
github.com/xcomponent/xc-cli/commands/init_command.go:137.2,137.16 1 0
github.com/xcomponent/xc-cli/commands/init_command.go:141.2,141.59 1 0
github.com/xcomponent/xc-cli/commands/init_command.go:145.2,145.12 1 0
github.com/xcomponent/xc-cli/commands/init_command.go:122.29,125.3 2 0
github.com/xcomponent/xc-cli/commands/init_command.go:128.16,130.3 1 0
github.com/xcomponent/xc-cli/commands/init_command.go:134.23,136.3 1 0
github.com/xcomponent/xc-cli/commands/init_command.go:137.16,139.3 1 0
github.com/xcomponent/xc-cli/commands/init_command.go:141.59,143.3 1 0
github.com/xcomponent/xc-cli/commands/init_command.go:148.35,149.20 1 0
github.com/xcomponent/xc-cli/commands/init_command.go:153.2,155.28 2 0
github.com/xcomponent/xc-cli/commands/init_command.go:149.20,151.3 1 0
github.com/xcomponent/xc-cli/commands/install_command.go:21.83,22.17 1 0
github.com/xcomponent/xc-cli/commands/install_command.go:34.2,35.16 2 0
github.com/xcomponent/xc-cli/commands/install_command.go:39.2,40.22 2 0
github.com/xcomponent/xc-cli/commands/install_command.go:44.2,45.37 2 0
github.com/xcomponent/xc-cli/commands/install_command.go:49.2,49.16 1 0
github.com/xcomponent/xc-cli/commands/install_command.go:53.2,54.16 2 0
github.com/xcomponent/xc-cli/commands/install_command.go:58.2,60.12 2 0
github.com/xcomponent/xc-cli/commands/install_command.go:22.17,24.17 2 0
github.com/xcomponent/xc-cli/commands/install_command.go:28.3,29.17 2 0
github.com/xcomponent/xc-cli/commands/install_command.go:24.17,26.4 1 0
github.com/xcomponent/xc-cli/commands/install_command.go:29.17,31.4 1 0
github.com/xcomponent/xc-cli/commands/install_command.go:35.16,37.3 1 0
github.com/xcomponent/xc-cli/commands/install_command.go:40.22,42.3 1 0
github.com/xcomponent/xc-cli/commands/install_command.go:45.37,48.3 2 0
github.com/xcomponent/xc-cli/commands/install_command.go:49.16,51.3 1 0
github.com/xcomponent/xc-cli/commands/install_command.go:54.16,56.3 1 0
github.com/xcomponent/xc-cli/commands/install_command.go:63.26,74.34 6 0
github.com/xcomponent/xc-cli/commands/install_command.go:77.2,79.39 2 0
github.com/xcomponent/xc-cli/commands/install_command.go:84.2,84.12 1 0
github.com/xcomponent/xc-cli/commands/install_command.go:74.34,76.3 1 0
github.com/xcomponent/xc-cli/commands/install_command.go:79.39,81.3 1 0
github.com/xcomponent/xc-cli/commands/install_command.go:87.22,88.31 1 0
github.com/xcomponent/xc-cli/commands/install_command.go:92.2,92.12 1 0
github.com/xcomponent/xc-cli/commands/install_command.go:88.31,90.3 1 0
github.com/xcomponent/xc-cli/commands/install_command.go:95.61,98.16 2 0
github.com/xcomponent/xc-cli/commands/install_command.go:102.2,108.16 5 0
github.com/xcomponent/xc-cli/commands/install_command.go:112.2,114.16 3 0
github.com/xcomponent/xc-cli/commands/install_command.go:118.2,119.16 2 0
github.com/xcomponent/xc-cli/commands/install_command.go:123.2,125.18 2 0
github.com/xcomponent/xc-cli/commands/install_command.go:98.16,100.3 1 0
github.com/xcomponent/xc-cli/commands/install_command.go:108.16,110.3 1 0
github.com/xcomponent/xc-cli/commands/install_command.go:114.16,116.3 1 0
github.com/xcomponent/xc-cli/commands/install_command.go:119.16,121.3 1 0
github.com/xcomponent/xc-cli/commands/install_command.go:128.52,131.16 3 0
github.com/xcomponent/xc-cli/commands/install_command.go:134.2,136.54 2 0
github.com/xcomponent/xc-cli/commands/install_command.go:131.16,133.3 1 0
github.com/xcomponent/xc-cli/commands/install_command.go:139.44,144.34 3 0
github.com/xcomponent/xc-cli/commands/install_command.go:148.2,148.12 1 0
github.com/xcomponent/xc-cli/commands/install_command.go:144.34,146.3 1 0
github.com/xcomponent/xc-cli/commands/install_command.go:151.73,155.16 3 0
github.com/xcomponent/xc-cli/commands/install_command.go:159.2,159.28 1 0
github.com/xcomponent/xc-cli/commands/install_command.go:155.16,157.3 1 0
github.com/xcomponent/xc-cli/commands/logs_command.go:13.91,17.2 2 0
github.com/xcomponent/xc-cli/commands/push_command.go:16.92,18.36 2 0
github.com/xcomponent/xc-cli/commands/push_command.go:22.2,24.37 3 0
github.com/xcomponent/xc-cli/commands/push_command.go:28.2,28.53 1 0
github.com/xcomponent/xc-cli/commands/push_command.go:32.2,32.58 1 0
github.com/xcomponent/xc-cli/commands/push_command.go:18.36,20.3 1 0
github.com/xcomponent/xc-cli/commands/push_command.go:24.37,26.3 1 0
github.com/xcomponent/xc-cli/commands/push_command.go:28.53,30.3 1 0
github.com/xcomponent/xc-cli/commands/push_command.go:35.86,39.2 2 0
github.com/xcomponent/xc-cli/commands/run_command.go:13.99,15.16 2 0
github.com/xcomponent/xc-cli/commands/run_command.go:19.2,19.94 1 0
github.com/xcomponent/xc-cli/commands/run_command.go:15.16,17.3 1 0
github.com/xcomponent/xc-cli/commands/run_command.go:22.85,26.2 2 0
